<?xml version="1.0" encoding="utf-8" standalone="no"?>
<!--This file represents the results of running a test suite-->
<test-results name="C:\TaskManager\TaskMangerAPI\TaskManagerAPI\packages\OpenCover.4.6.519\SampleSln\BomTest\bin\Debug\BomTest.dll" total="5" errors="0" failures="0" not-run="0" inconclusive="0" ignored="0" skipped="0" invalid="0" date="2018-11-30" time="19:30:06">
  <environment nunit-version="2.6.4.14350" clr-version="2.0.50727.8937" os-version="Microsoft Windows NT 6.2.9200.0" platform="Win32NT" cwd="C:\TaskManager\TaskMangerAPI\TaskManagerAPI\packages\OpenCover.4.6.519\SampleSln" machine-name="DOTNET" user="Admin" user-domain="DOTNET" />
  <culture-info current-culture="en-IN" current-uiculture="en-US" />
  <test-suite type="Assembly" name="C:\TaskManager\TaskMangerAPI\TaskManagerAPI\packages\OpenCover.4.6.519\SampleSln\BomTest\bin\Debug\BomTest.dll" executed="True" result="Success" success="True" time="0.420" asserts="0">
    <results>
      <test-suite type="Namespace" name="BomTest" executed="True" result="Success" success="True" time="0.410" asserts="0">
        <results>
          <test-suite type="TestFixture" name="BomManagerTests" executed="True" result="Success" success="True" time="0.409" asserts="0">
            <results>
              <test-suite type="ParameterizedTest" name="Sum_Is_Calculated_Correctly_When_Entries_Supplied" executed="True" result="Success" success="True" time="0.397" asserts="0">
                <results>
                  <test-case name="BomTest.BomManagerTests.Sum_Is_Calculated_Correctly_When_Entries_Supplied(System.Int32[],0)" executed="True" result="Success" success="True" time="0.382" asserts="1" />
                  <test-case name="BomTest.BomManagerTests.Sum_Is_Calculated_Correctly_When_Entries_Supplied(System.Int32[],1)" executed="True" result="Success" success="True" time="0.000" asserts="1" />
                  <test-case name="BomTest.BomManagerTests.Sum_Is_Calculated_Correctly_When_Entries_Supplied(System.Int32[],6)" executed="True" result="Success" success="True" time="0.000" asserts="1" />
                </results>
              </test-suite>
              <test-case name="BomTest.BomManagerTests.Sum_Is_Zero_When_No_Entries" executed="True" result="Success" success="True" time="0.002" asserts="1" />
              <test-case name="BomTest.BomManagerTests.Sum_Is_Zero_When_Null_Collection" executed="True" result="Success" success="True" time="0.000" asserts="1" />
            </results>
          </test-suite>
        </results>
      </test-suite>
    </results>
  </test-suite>
</test-results>